let age =[19, 23,28,32,40,32,35,29,30]
undefined
let sum=0;
undefined
for (let i = 0; i < age.length; i++) {
    console.log(age[i]);
}
19
23
28
32
40
32
35
29
30
undefined
let age =[19,30, 23,28,32,40,32,35,29,30]
undefined
for (let i = 0; i < age.length; i++) {
    console.log(age[i]);
    sum += age[i];
}
19
30
23
28
32
40
32
35
29
30
298
sum / age.length
29.8
let 성별 =['m','f','m','f','f'];
undefined
let 남성 = 0;
let 여성 =0;
undefined
for (let i = 0; i < ; i++) {
    if(성별[i]=='m'{
        남성++;
    }
}
VM1061:1 Uncaught SyntaxError: Unexpected token ';'
for (let i = 0; i < ; i++) {
    if(성별[i]=='m'){
        남성++;
    }
}
VM1069:1 Uncaught SyntaxError: Unexpected token ';'
for (let i = 0; i < 성별.length; i++) {
    if(성별[i]=='m'){
        남성++;
    }
}
undefined
남성
2
남성/성별.length*100+'%'
'40%'
성별.filter(i=>i=='m').length
2
sum = ''
''
for (let i = 0; i < 100; i++) {
    sum += i;
}
'0123456789101112131415161718192021222324252627282930313233343536373839404142434445464748495051525354555657585960616263646566676869707172737475767778798081828384858687888990919293949596979899'
let count =0;
for (let i = 0; i < sum.length; i++) {
    if(sum[i]=='8'{
        count++;
    }
    
}
VM1699:3 Uncaught SyntaxError: Unexpected token '{'
let count =0;
for (let i = 0; i < sum.length; i++) {
    if(sum[i]=='8'){
        count++;
    }
    
}
undefined
count
20
Array(100).fill(0).map((val,i)=>val+i)
(100) [0, 1, 2, 3, 4, 5, 6, 7, 8, 9, 10, 11, 12, 13, 14, 15, 16, 17, 18, 19, 20, 21, 22, 23, 24, 25, 26, 27, 28, 29, 30, 31, 32, 33, 34, 35, 36, 37, 38, 39, 40, 41, 42, 43, 44, 45, 46, 47, 48, 49, 50, 51, 52, 53, 54, 55, 56, 57, 58, 59, 60, 61, 62, 63, 64, 65, 66, 67, 68, 69, 70, 71, 72, 73, 74, 75, 76, 77, 78, 79, 80, 81, 82, 83, 84, 85, 86, 87, 88, 89, 90, 91, 92, 93, 94, 95, 96, 97, 98, 99]
Array(100).fill(0).map((val,i)=>val+i).join('').split('')
(190) ['0', '1', '2', '3', '4', '5', '6', '7', '8', '9', '1', '0', '1', '1', '1', '2', '1', '3', '1', '4', '1', '5', '1', '6', '1', '7', '1', '8', '1', '9', '2', '0', '2', '1', '2', '2', '2', '3', '2', '4', '2', '5', '2', '6', '2', '7', '2', '8', '2', '9', '3', '0', '3', '1', '3', '2', '3', '3', '3', '4', '3', '5', '3', '6', '3', '7', '3', '8', '3', '9', '4', '0', '4', '1', '4', '2', '4', '3', '4', '4', '4', '5', '4', '6', '4', '7', '4', '8', '4', '9', '5', '0', '5', '1', '5', '2', '5', '3', '5', '4', …]
Array(100).fill(0).map((val,i)=>val+i).join('').split('').filter(x=>x=='8')
(20) ['8', '8', '8', '8', '8', '8', '8', '8', '8', '8', '8', '8', '8', '8', '8', '8', '8', '8', '8', '8']
Array(100).fill(0).map((val,i)=>val+i).join('').split('').filter(x=>x=='8').length
20
let data = [
    {회원번호:0, 아이디:'a', 성별:'남', 나이:21},
    {회원번호:1, 아이디:'b', 성별:'남', 나이:17},
    {회원번호:2, 아이디:'c', 성별:'여', 나이:6},
    {회원번호:3, 아이디:'d', 성별:'여', 나이:55}
  ]
undefined
for (let i = 0; i < data.length; i++) {
    console.log(data[i]);
}
VM2545:2 {회원번호: 0, 아이디: 'a', 성별: '남', 나이: 21}
VM2545:2 {회원번호: 1, 아이디: 'b', 성별: '남', 나이: 17}
VM2545:2 {회원번호: 2, 아이디: 'c', 성별: '여', 나이: 6}
VM2545:2 {회원번호: 3, 아이디: 'd', 성별: '여', 나이: 55}
undefined
for (let i = 0; i < data.length; i++) {
    if(data[i]['나이'] >= 20 && data[i]['성별'] == '여'){
        console.log(data[i]['회원번호']);
    }
}
VM2900:3 3
undefined
result=[];
for (let i = 0; i < data.length; i++) {
    if(data[i]['나이'] >= 20 && data[i]['성별'] == '여'){
        result.push(data[i]['회원번호']);
    }
}
1
result
[3]
data.filter(i=>i['나이'] >= 20 && i['성별'] == '여')
[{…}]0: {회원번호: 3, 아이디: 'd', 성별: '여', 나이: 55}length: 1[[Prototype]]: Array(0)
let 나이총합 = 0;
for (let i = 0; i < data.length; i++) {
    나이총합 += data[i]['성별']
}
'0남남여여'
let 나이총합 = 0;
for (let i = 0; i < data.length; i++) {
    나이총합 += data[i]['나이']
}
99
나이총합/data.length
24.75
data.map(i =>i['나이']).reduce((a,b)=>a+b,0)
99
let 가장큰나이 = 0;
for (let i = 0; i < data.length; i++) {
    if(가장큰나이 < data[i]['나이']{
}
VM4430:3 Uncaught SyntaxError: Unexpected token '{'
let 가장큰나이 = 0;
for (let i = 0; i < data.length; i++) {
    if(가장큰나이 < data[i]['나이']{
        가장큰나이 = data[i]['나이'];
    }
}
VM4533:3 Uncaught SyntaxError: Unexpected token '{'
let 가장큰나이 = 0;
for (let i = 0; i < data.length; i++) {
    if(가장큰나이 < data[i]['나이']){
        가장큰나이 = data[i]['나이'];
    }
}
55
let 가장작은나이 = Infinity;
for (let i = 0; i < data.length; i++) {
    if(가장작은나이 > data[i]['나이']){
        가장작은나이 = data[i]['나이'];
    }
}
undefined
let 가장작은나이 = 가장큰나이;
for (let i = 0; i < data.length; i++) {
    if(가장작은나이 > data[i]['나이']){
        가장작은나이 = data[i]['나이'];
    }
}
undefined
let 가장작은나이 = 가장큰나이;
for (let i = 0; i < data.length; i++) {
    if(가장작은나이 > data[i]['나이']){
        가장작은나이 = data[i]['나이'];
    }
}
undefined
가장작은나이
6
let arr = [21,17,6,55]
undefined
Math.abs(-3)
3
Math.min(10,20,30,40,5,4,100)
4
Math.min(...arr)
6
//'hello world'에서 l이 사용된 개수를 구하시오
undefined
'hello world'.split('')
(11) ['h', 'e', 'l', 'l', 'o', ' ', 'w', 'o', 'r', 'l', 'd']
'hello world'.split('').filter(i=>i=='l')
(3) ['l', 'l', 'l']
'hello world'.split('').filter(i=>i=='l').length
3
'hello world'.split('').filter(i=>i==='l').length
3
let l갯수 =0;
for (let i = 0; i < 'hello world'.length; i++) {
    if('hello  world'[i]=='l'){
    l갯수++;
    }
}
2
txt ='hello world'
for (let i = 0; i < txt.length; i++){
    console.log(i, txt[i]);
}
0 'h'
1 'e'
2 'l'
3 'l'
4 'o'
5 ' '
6 'w'
7 'o'
8 'r'
9 'l'
10 'd'
undefined
txt ='hello world'
l갯수 =0;
for (let i = 0; i < txt.length; i++){
    console.log(i, txt[i]);
    if(txt[i]=='l'){
        l갯수++;
    }
}
0 'h'
1 'e'
2 'l'
3 'l'
4 'o'
5 ' '
6 'w'
7 'o'
8 'r'
9 'l'
10 'd'
undefined
l갯수
3
txt = '12390812476'
'12390812476'
for (let i = 0; i < txt.length; i++) {
    txt[i]
}
'6'
result =0
for (let i = 0; i < txt.length; i++) {
    result+=txt[i]
}
'012390812476'
result =0
for (let i = 0; i < txt.length; i++) {
    result+=parseInt(txt[i]);
}
43
result =0
for (let i = 0; i < txt.length; i++) {
    result += +txt[i];
}
43
arr = ['33', '29', '11', '55', '47']
(5) ['33', '29', '11', '55', '47']
sum=0;
for (let i = 0; i < arr.length; i++) {
    sum += +arr[i];
}
175
average = sum / arr.length
35
result =0
for (let i = 0; i < 101; i+=2) {
    result += i;
}
    
2550
result =0
for (let i = 0; i =< 100; i+=2) {
    result += i;
}
    
VM7213:2 Uncaught SyntaxError: Unexpected token '<'
result =0
for (let i = 0; i <= 100; i+=2) {
    result += i;
}
    
2550
txt = 'hello world'
'hello world'
result=''
''
for (let i = 0; i < txt.length; i++) {
    result = txt[i] + result
}
'dlrow olleh'
arr = [1,3,4,8,13,17,20]
(7) [1, 3, 4, 8, 13, 17, 20]
result=1000000
1000000
for (let i = 0; i < arr.length; i++) {
    if(result > arr [i+1] -arr[i]){
        result =  arr [i+1] -arr[i];
}
}
    
undefined
result
1
index =0
0
for (let i = 0; i < arr.length; i++) {
    if(result > arr [i+1] -arr[i]){
        result =  arr [i+1] -arr[i];
        index = i
}
}
    
undefined
index
0
for (let i = 0; i < arr.length; i++) {
    if(result > arr[i+1] -arr[i]){
        result =  arr [i+1] -arr[i];
        index = i
}
}
    
undefined
for (let i = 0; i < arr.length; i++) {
    if(result > arr[i+1] -arr[i]){
        result =  arr[i+1] -arr[i];
        index = i
}
}
    
undefined
index
0
for (let i = 0; i < arr.length; i++) {
    if(result > arr[i+1] -arr[i]){
        result =  arr[i+1] -arr[i];
        index = i;
}
}
    
undefined
arr = [1,3,4,8,13,17,20];
result =100000;
index=0;
for (let i = 0; i < arr.length; i++) {
    if(result > arr[i+1] -arr[i]){
        result =  arr[i+1] -arr[i];
        index = i;
    }
}
    
undefined
index
1
for (let i = 1; i < 10; i++) {
    console.log(`2 X ${i} = ${2*i}`)
}
2 X 1 = 2
2 X 2 = 4
2 X 3 = 6
2 X 4 = 8
2 X 5 = 10
2 X 6 = 12
2 X 7 = 14
2 X 8 = 16
2 X 9 = 18
undefined
for (let 단 = 2; 단 < 10; 단++) {
    for (let i = 1; i < 10; i++) {
        console.log(`${단} X ${i} = ${단*i}`)
    }   
}
2 X 1 = 2
2 X 2 = 4
2 X 3 = 6
2 X 4 = 8
2 X 5 = 10
2 X 6 = 12
2 X 7 = 14
2 X 8 = 16
2 X 9 = 18
3 X 1 = 3
3 X 2 = 6
3 X 3 = 9
3 X 4 = 12
3 X 5 = 15
3 X 6 = 18
3 X 7 = 21
3 X 8 = 24
3 X 9 = 27
4 X 1 = 4
4 X 2 = 8
4 X 3 = 12
4 X 4 = 16
4 X 5 = 20
4 X 6 = 24
4 X 7 = 28
4 X 8 = 32
4 X 9 = 36
5 X 1 = 5
5 X 2 = 10
5 X 3 = 15
5 X 4 = 20
5 X 5 = 25
5 X 6 = 30
5 X 7 = 35
5 X 8 = 40
5 X 9 = 45
6 X 1 = 6
6 X 2 = 12
6 X 3 = 18
6 X 4 = 24
6 X 5 = 30
6 X 6 = 36
6 X 7 = 42
6 X 8 = 48
6 X 9 = 54
7 X 1 = 7
7 X 2 = 14
7 X 3 = 21
7 X 4 = 28
7 X 5 = 35
7 X 6 = 42
7 X 7 = 49
7 X 8 = 56
7 X 9 = 63
8 X 1 = 8
8 X 2 = 16
8 X 3 = 24
8 X 4 = 32
8 X 5 = 40
8 X 6 = 48
8 X 7 = 56
8 X 8 = 64
8 X 9 = 72
9 X 1 = 9
9 X 2 = 18
9 X 3 = 27
9 X 4 = 36
9 X 5 = 45
9 X 6 = 54
9 X 7 = 63
9 X 8 = 72
9 X 9 = 81
undefined
let i =1;
while ( i < 10){
    console.log(`2 x ${i} = ${2*i}`);
    i++;
}
    
2 x 1 = 2
2 x 2 = 4
2 x 3 = 6
2 x 4 = 8
2 x 5 = 10
2 x 6 = 12
2 x 7 = 14
2 x 8 = 16
2 x 9 = 18
9
//0부터 101까지 짝수를 모두 더해주세요.
undefined
i = 0;
sum=0;
while(i <101){
    sum += i;
    i+=2;
}
102
sum
2550
let sum = 0;
let i = 0;

do {
    i++;
    sum += i;
} while (i < 10);

console.log(sum);
VM44:9 55
undefined
sum = 0;
i = 0;

while (i < 10) {
    i++;
    sum += i;
}

console.log(sum);
VM96:9 55
undefined
let sum = 0;
let i = 100;

do {
    console.log('hello world')
    i++;
    sum += i;
} while (i < 10);

console.log(sum);
VM180:5 hello world
VM180:10 101
undefined
let sum = 0;
let i = 100;

while (i < 10) {
    console.log('hello world')
    i++;
    sum += i;
}

console.log(sum);
VM8830:10 Uncaught SyntaxError: Unexpected number
i=0;
while(i<100){
    if(i>10){
        break
    }
    console.log(i);
    i++;
}
0
1
2
3
4
5
6
7
8
9
10
undefined
i = 0
while(i<100){
    i++;
    console.log(i, 'start')
    if (i > 10) {
        continue
    }
    console.log(i, 'end')  
}
console.log('end')
1 'start'
1 'end'
2 'start'
2 'end'
3 'start'
3 'end'
4 'start'
4 'end'
5 'start'
5 'end'
6 'start'
6 'end'
7 'start'
7 'end'
8 'start'
8 'end'
9 'start'
9 'end'
10 'start'
10 'end'

11 'start'
12 'start'
13 'start'
14 'start'
15 'start'
16 'start'
17 'start'
18 'start'
19 'start'
20 'start'
21 'start'
22 'start'
23 'start'
24 'start'
25 'start'
26 'start'
27 'start'
28 'start'
29 'start'
30 'start'
31 'start'
32 'start'
33 'start'
34 'start'
35 'start'
36 'start'
37 'start'
38 'start'
39 'start'
40 'start'
41 'start'
42 'start'
43 'start'
44 'start'
45 'start'
46 'start'
47 'start'
48 'start'
49 'start'
50 'start'
51 'start'
52 'start'
53 'start'
54 'start'
55 'start'
56 'start'
57 'start'
58 'start'
59 'start'
60 'start'
61 'start'
62 'start'
63 'start'
64 'start'
65 'start'
66 'start'
67 'start'
68 'start'
69 'start'
70 'start'
71 'start'
72 'start'
73 'start'
74 'start'
75 'start'
76 'start'
77 'start'
78 'start'
79 'start'
80 'start'
81 'start'
82 'start'
83 'start'
84 'start'
85 'start'
86 'start'
87 'start'
88 'start'
89 'start'
90 'start'
91 'start'
92 'start'
93 'start'
94 'start'
95 'start'
96 'start'
97 'start'
98 'start'
99 'start'
100 'start'
VM9014:10 end
undefined
let i = 2;
let j = 1;
while(i < 10){
    while(j < 10) {
        console.log(`${i} X ${j} = ${i*j}`)
        j++;
    }
    j = 1;
    i++;
}
2 X 1 = 2
2 X 2 = 4
2 X 3 = 6
2 X 4 = 8
2 X 5 = 10
2 X 6 = 12
2 X 7 = 14
2 X 8 = 16
2 X 9 = 18
3 X 1 = 3
3 X 2 = 6
3 X 3 = 9
3 X 4 = 12
3 X 5 = 15
3 X 6 = 18
3 X 7 = 21
3 X 8 = 24
3 X 9 = 27
4 X 1 = 4
4 X 2 = 8
4 X 3 = 12
4 X 4 = 16
4 X 5 = 20
4 X 6 = 24
4 X 7 = 28
4 X 8 = 32
4 X 9 = 36
5 X 1 = 5
5 X 2 = 10
5 X 3 = 15
5 X 4 = 20
5 X 5 = 25
5 X 6 = 30
5 X 7 = 35
5 X 8 = 40
5 X 9 = 45
6 X 1 = 6
6 X 2 = 12
6 X 3 = 18
6 X 4 = 24
6 X 5 = 30
6 X 6 = 36
6 X 7 = 42
6 X 8 = 48
6 X 9 = 54
7 X 1 = 7
7 X 2 = 14
7 X 3 = 21
7 X 4 = 28
7 X 5 = 35
7 X 6 = 42
7 X 7 = 49
7 X 8 = 56
7 X 9 = 63
8 X 1 = 8
8 X 2 = 16
8 X 3 = 24
8 X 4 = 32
8 X 5 = 40
8 X 6 = 48
8 X 7 = 56
8 X 8 = 64
8 X 9 = 72
9 X 1 = 9
9 X 2 = 18
9 X 3 = 27
9 X 4 = 36
9 X 5 = 45
9 X 6 = 54
9 X 7 = 63
9 X 8 = 72
9 X 9 = 81
9
